<?xml version="1.0" encoding="UTF-8"?>
<robot generator="Robot 7.2.2 (Python 3.11.3 on win32)" generated="2025-04-18T21:39:51.272318" rpa="false" schemaversion="5">
<suite id="s1" name="Signup" source="C:\Users\MateusSilva\Desktop\github\mateus\RoboteXpress\signup.robot">
<test id="s1-t1" name="Deve poder cadastrar um novo usuário" line="9">
<kw name="Name" owner="FakerLibrary">
<msg time="2025-04-18T21:39:51.889212" level="INFO">${name} = Veronica Anderson</msg>
<var>${name}</var>
<doc>:example: 'John Doe'</doc>
<status status="PASS" start="2025-04-18T21:39:51.888693" elapsed="0.000519"/>
</kw>
<kw name="Email" owner="FakerLibrary">
<msg time="2025-04-18T21:39:51.890015" level="INFO">${email} = sonya82@example.com</msg>
<var>${email}</var>
<status status="PASS" start="2025-04-18T21:39:51.890015" elapsed="0.000000"/>
</kw>
<kw name="Set Variable" owner="BuiltIn">
<msg time="2025-04-18T21:39:51.891582" level="INFO">${password} = 123456</msg>
<var>${password}</var>
<arg>123456</arg>
<doc>Returns the given values which can then be assigned to a variables.</doc>
<status status="PASS" start="2025-04-18T21:39:51.891071" elapsed="0.000511"/>
</kw>
<kw name="New Browser" owner="Browser">
<msg time="2025-04-18T21:39:51.891582" level="INFO">{"browser": "chromium", "headless": false, "chromiumSandbox": false, "devtools": false, "handleSIGHUP": true, "handleSIGINT": true, "handleSIGTERM": true, "slowMo": 0.0, "timeout": 30000.0, "tracesDir": "C:\\Users\\MateusSilva\\Desktop\\github\\mateus\\RoboteXpress\\logs\\browser\\traces\\temp\\ad42b9c8-1f6d-422c-ba10-e7b739ee0b6f"}</msg>
<msg time="2025-04-18T21:39:51.919722" level="INFO">Starting Browser process C:\Python311\Lib\site-packages\Browser\wrapper\index.js using port 52869</msg>
<msg time="2025-04-18T21:39:51.919722" level="INFO">Node startup parameters: ['node', 'C:\\Python311\\Lib\\site-packages\\Browser\\wrapper\\index.js', '52869']</msg>
<msg time="2025-04-18T21:39:53.218038" level="INFO">Successfully created browser with options: {"browser":"chromium","headless":false,"chromiumSandbox":false,"devtools":false,"handleSIGHUP":true,"handleSIGINT":true,"handleSIGTERM":true,"slowMo":0,"timeout":30000,"tracesDir":"C:\\Users\\MateusSilva\\Desktop\\github\\mateus\\RoboteXpress\\logs\\browser\\traces\\temp\\ad42b9c8-1f6d-422c-ba10-e7b739ee0b6f"}</msg>
<arg>browser=chromium</arg>
<arg>headless=False</arg>
<tag>BrowserControl</tag>
<tag>Setter</tag>
<doc>Create a new playwright Browser with specified options.</doc>
<status status="PASS" start="2025-04-18T21:39:51.891582" elapsed="1.326456"/>
</kw>
<kw name="New Page" owner="Browser">
<msg time="2025-04-18T21:39:54.775681" level="INFO">Successfully initialized new page object and opened url: http://localhost:3000/signup</msg>
<msg time="2025-04-18T21:39:54.775681" level="INFO">No context was open. New context was automatically opened when this page is created.</msg>
<arg>http://localhost:3000/signup</arg>
<tag>BrowserControl</tag>
<tag>Setter</tag>
<doc>Open a new Page.</doc>
<status status="PASS" start="2025-04-18T21:39:53.221550" elapsed="1.554131"/>
</kw>
<kw name="Wait For Elements State" owner="Browser">
<msg time="2025-04-18T21:39:54.851412" level="INFO">Waited for Element with selector css=h1 at state visible</msg>
<arg>css=h1</arg>
<arg>visible</arg>
<arg>5</arg>
<tag>PageContent</tag>
<tag>Wait</tag>
<doc>Waits for the element found by ``selector`` to satisfy state option.</doc>
<status status="PASS" start="2025-04-18T21:39:54.776675" elapsed="0.074737"/>
</kw>
<kw name="Get Text" owner="Browser">
<msg time="2025-04-18T21:39:54.951554" level="INFO">Text: 'Faça seu cadastro'</msg>
<arg>css=h1</arg>
<arg>equal</arg>
<arg>Faça seu cadastro</arg>
<tag>Assertion</tag>
<tag>Getter</tag>
<tag>PageContent</tag>
<doc>Returns text attribute of the element found by ``selector``.</doc>
<status status="PASS" start="2025-04-18T21:39:54.851412" elapsed="0.100142"/>
</kw>
<kw name="Fill Text" owner="Browser">
<msg time="2025-04-18T21:39:54.952554" level="INFO">Fills the text 'Veronica Anderson' in the given field.</msg>
<arg>id=name</arg>
<arg>${name}</arg>
<tag>PageContent</tag>
<tag>Setter</tag>
<doc>Clears and fills the given ``txt`` into the text field found by ``selector``.</doc>
<status status="PASS" start="2025-04-18T21:39:54.952554" elapsed="0.027076"/>
</kw>
<kw name="Fill Text" owner="Browser">
<msg time="2025-04-18T21:39:54.983631" level="INFO">Fills the text 'sonya82@example.com' in the given field.</msg>
<arg>id=email</arg>
<arg>${email}</arg>
<tag>PageContent</tag>
<tag>Setter</tag>
<doc>Clears and fills the given ``txt`` into the text field found by ``selector``.</doc>
<status status="PASS" start="2025-04-18T21:39:54.981643" elapsed="0.032480"/>
</kw>
<kw name="Fill Text" owner="Browser">
<msg time="2025-04-18T21:39:55.017130" level="INFO">Fills the text '123456' in the given field.</msg>
<arg>id=password</arg>
<arg>${password}</arg>
<tag>PageContent</tag>
<tag>Setter</tag>
<doc>Clears and fills the given ``txt`` into the text field found by ``selector``.</doc>
<status status="PASS" start="2025-04-18T21:39:55.015122" elapsed="0.064876"/>
</kw>
<kw name="Click" owner="Browser">
<msg time="2025-04-18T21:39:55.081993" level="INFO">Clicks the element 'id=buttonSignup'.</msg>
<arg>id=buttonSignup</arg>
<tag>PageContent</tag>
<tag>Setter</tag>
<doc>Simulates mouse click on the element found by ``selector``.</doc>
<status status="PASS" start="2025-04-18T21:39:55.080998" elapsed="0.079181"/>
</kw>
<kw name="Wait For Elements State" owner="Browser">
<msg time="2025-04-18T21:39:56.042888" level="INFO">Waited for Element with selector css=.notice p at state visible</msg>
<arg>css=.notice p</arg>
<arg>visible</arg>
<arg>5</arg>
<tag>PageContent</tag>
<tag>Wait</tag>
<doc>Waits for the element found by ``selector`` to satisfy state option.</doc>
<status status="PASS" start="2025-04-18T21:39:55.160179" elapsed="0.882709"/>
</kw>
<kw name="Get Text" owner="Browser">
<msg time="2025-04-18T21:39:56.070215" level="INFO">Text: 'Boas vindas ao Mark85, o seu gerenciador de tarefas.'</msg>
<arg>css=.notice p</arg>
<arg>equal</arg>
<arg>Boas vindas ao Mark85, o seu gerenciador de tarefas.</arg>
<tag>Assertion</tag>
<tag>Getter</tag>
<tag>PageContent</tag>
<doc>Returns text attribute of the element found by ``selector``.</doc>
<status status="PASS" start="2025-04-18T21:39:56.043973" elapsed="0.026242"/>
</kw>
<msg time="2025-04-18T21:39:56.074211" level="INFO">Set timeout to: 10000</msg>
<msg time="2025-04-18T21:39:56.091692" level="INFO">Switching context to context=60aac773-4f6e-4f48-a661-366b29d7c7dd in CURRENT</msg>
<msg time="2025-04-18T21:39:56.100840" level="INFO">Successfully changed active context: context=60aac773-4f6e-4f48-a661-366b29d7c7dd</msg>
<msg time="2025-04-18T21:39:56.286226" level="INFO">Successfully closed Context</msg>
<status status="PASS" start="2025-04-18T21:39:51.887361" elapsed="4.182854"/>
</test>
<doc>Cénarios de testes do cadastro de usuários</doc>
<status status="PASS" start="2025-04-18T21:39:51.273627" elapsed="5.025936"/>
</suite>
<statistics>
<total>
<stat pass="1" fail="0" skip="0">All Tests</stat>
</total>
<tag>
</tag>
<suite>
<stat name="Signup" id="s1" pass="1" fail="0" skip="0">Signup</stat>
</suite>
</statistics>
<errors>
</errors>
</robot>
